<?xml version="1.0" encoding="UTF-8"?>
<testsuite name="com.devdoc.backend.BackendApplicationTests" tests="1" skipped="0" failures="0" errors="0" timestamp="2024-06-24T06:27:13" hostname="DESKTOP-DDI42J8" time="0.264">
  <properties/>
  <testcase name="contextLoads()" classname="com.devdoc.backend.BackendApplicationTests" time="0.264"/>
  <system-out><![CDATA[15:26:56.677 [Test worker] DEBUG org.springframework.test.context.BootstrapUtils - Instantiating CacheAwareContextLoaderDelegate from class [org.springframework.test.context.cache.DefaultCacheAwareContextLoaderDelegate]
15:26:56.693 [Test worker] DEBUG org.springframework.test.context.BootstrapUtils - Instantiating BootstrapContext using constructor [public org.springframework.test.context.support.DefaultBootstrapContext(java.lang.Class,org.springframework.test.context.CacheAwareContextLoaderDelegate)]
15:26:56.743 [Test worker] DEBUG org.springframework.test.context.BootstrapUtils - Instantiating TestContextBootstrapper for test class [com.devdoc.backend.BackendApplicationTests] from class [org.springframework.boot.test.context.SpringBootTestContextBootstrapper]
15:26:56.760 [Test worker] INFO org.springframework.boot.test.context.SpringBootTestContextBootstrapper - Neither @ContextConfiguration nor @ContextHierarchy found for test class [com.devdoc.backend.BackendApplicationTests], using SpringBootContextLoader
15:26:56.766 [Test worker] DEBUG org.springframework.test.context.support.AbstractContextLoader - Did not detect default resource location for test class [com.devdoc.backend.BackendApplicationTests]: class path resource [com/devdoc/backend/BackendApplicationTests-context.xml] does not exist
15:26:56.767 [Test worker] DEBUG org.springframework.test.context.support.AbstractContextLoader - Did not detect default resource location for test class [com.devdoc.backend.BackendApplicationTests]: class path resource [com/devdoc/backend/BackendApplicationTestsContext.groovy] does not exist
15:26:56.767 [Test worker] INFO org.springframework.test.context.support.AbstractContextLoader - Could not detect default resource locations for test class [com.devdoc.backend.BackendApplicationTests]: no resource found for suffixes {-context.xml, Context.groovy}.
15:26:56.768 [Test worker] INFO org.springframework.test.context.support.AnnotationConfigContextLoaderUtils - Could not detect default configuration classes for test class [com.devdoc.backend.BackendApplicationTests]: BackendApplicationTests does not declare any static, non-private, non-final, nested classes annotated with @Configuration.
15:26:56.831 [Test worker] DEBUG org.springframework.test.context.support.ActiveProfilesUtils - Could not find an 'annotation declaring class' for annotation type [org.springframework.test.context.ActiveProfiles] and class [com.devdoc.backend.BackendApplicationTests]
15:26:56.914 [Test worker] DEBUG org.springframework.context.annotation.ClassPathScanningCandidateComponentProvider - Identified candidate component class: file [C:\Users\ms231\3D Objects\0623\backend-crud-master\backend-crud-master\build\classes\java\main\com\devdoc\backend\BackendApplication.class]
15:26:56.917 [Test worker] INFO org.springframework.boot.test.context.SpringBootTestContextBootstrapper - Found @SpringBootConfiguration com.devdoc.backend.BackendApplication for test class com.devdoc.backend.BackendApplicationTests
15:26:57.073 [Test worker] DEBUG org.springframework.boot.test.context.SpringBootTestContextBootstrapper - @TestExecutionListeners is not present for class [com.devdoc.backend.BackendApplicationTests]: using defaults.
15:26:57.074 [Test worker] INFO org.springframework.boot.test.context.SpringBootTestContextBootstrapper - Loaded default TestExecutionListener class names from location [META-INF/spring.factories]: [org.springframework.boot.test.autoconfigure.restdocs.RestDocsTestExecutionListener, org.springframework.boot.test.autoconfigure.web.client.MockRestServiceServerResetTestExecutionListener, org.springframework.boot.test.autoconfigure.web.servlet.MockMvcPrintOnlyOnFailureTestExecutionListener, org.springframework.boot.test.autoconfigure.web.servlet.WebDriverTestExecutionListener, org.springframework.boot.test.autoconfigure.webservices.client.MockWebServiceServerTestExecutionListener, org.springframework.boot.test.mock.mockito.MockitoTestExecutionListener, org.springframework.boot.test.mock.mockito.ResetMocksTestExecutionListener, org.springframework.test.context.web.ServletTestExecutionListener, org.springframework.test.context.support.DirtiesContextBeforeModesTestExecutionListener, org.springframework.test.context.event.ApplicationEventsTestExecutionListener, org.springframework.test.context.support.DependencyInjectionTestExecutionListener, org.springframework.test.context.support.DirtiesContextTestExecutionListener, org.springframework.test.context.transaction.TransactionalTestExecutionListener, org.springframework.test.context.jdbc.SqlScriptsTestExecutionListener, org.springframework.test.context.event.EventPublishingTestExecutionListener]
15:26:57.104 [Test worker] INFO org.springframework.boot.test.context.SpringBootTestContextBootstrapper - Using TestExecutionListeners: [org.springframework.test.context.web.ServletTestExecutionListener@72bd06ca, org.springframework.test.context.support.DirtiesContextBeforeModesTestExecutionListener@89c10b7, org.springframework.test.context.event.ApplicationEventsTestExecutionListener@5dbe30be, org.springframework.boot.test.mock.mockito.MockitoTestExecutionListener@4fe89c24, org.springframework.boot.test.autoconfigure.SpringBootDependencyInjectionTestExecutionListener@55795845, org.springframework.test.context.support.DirtiesContextTestExecutionListener@3d08f3f5, org.springframework.test.context.transaction.TransactionalTestExecutionListener@119f1f2a, org.springframework.test.context.jdbc.SqlScriptsTestExecutionListener@1a1da881, org.springframework.test.context.event.EventPublishingTestExecutionListener@5b970f7, org.springframework.boot.test.autoconfigure.restdocs.RestDocsTestExecutionListener@7fd4acee, org.springframework.boot.test.autoconfigure.web.client.MockRestServiceServerResetTestExecutionListener@165b8a71, org.springframework.boot.test.autoconfigure.web.servlet.MockMvcPrintOnlyOnFailureTestExecutionListener@6175619b, org.springframework.boot.test.autoconfigure.web.servlet.WebDriverTestExecutionListener@2f058b8a, org.springframework.boot.test.autoconfigure.webservices.client.MockWebServiceServerTestExecutionListener@756cf158, org.springframework.boot.test.mock.mockito.ResetMocksTestExecutionListener@3f2ef586]
15:26:57.110 [Test worker] DEBUG org.springframework.test.context.support.AbstractDirtiesContextTestExecutionListener - Before test class: context [DefaultTestContext@184497d1 testClass = BackendApplicationTests, testInstance = [null], testMethod = [null], testException = [null], mergedContextConfiguration = [WebMergedContextConfiguration@f9d87b testClass = BackendApplicationTests, locations = '{}', classes = '{class com.devdoc.backend.BackendApplication}', contextInitializerClasses = '[]', activeProfiles = '{}', propertySourceLocations = '{}', propertySourceProperties = '{org.springframework.boot.test.context.SpringBootTestContextBootstrapper=true}', contextCustomizers = set[org.springframework.boot.test.autoconfigure.actuate.metrics.MetricsExportContextCustomizerFactory$DisableMetricExportContextCustomizer@6995bf68, org.springframework.boot.test.autoconfigure.properties.PropertyMappingContextCustomizer@0, org.springframework.boot.test.autoconfigure.web.servlet.WebDriverContextCustomizerFactory$Customizer@797cf65c, org.springframework.boot.test.context.filter.ExcludeFilterContextCustomizer@7862f56, org.springframework.boot.test.json.DuplicateJsonObjectContextCustomizerFactory$DuplicateJsonObjectContextCustomizer@22d7b4f8, org.springframework.boot.test.mock.mockito.MockitoContextCustomizer@0, org.springframework.boot.test.web.client.TestRestTemplateContextCustomizer@a22cb6a, org.springframework.boot.test.context.SpringBootTestArgs@1, org.springframework.boot.test.context.SpringBootTestWebEnvironment@209da20d], resourceBasePath = 'src/main/webapp', contextLoader = 'org.springframework.boot.test.context.SpringBootContextLoader', parent = [null]], attributes = map['org.springframework.test.context.web.ServletTestExecutionListener.activateListener' -> true]], class annotated with @DirtiesContext [false] with mode [null].
15:26:57.154 [Test worker] DEBUG org.springframework.test.context.support.TestPropertySourceUtils - Adding inlined properties to environment: {spring.jmx.enabled=false, org.springframework.boot.test.context.SpringBootTestContextBootstrapper=true}

  .   ____          _            __ _ _
 /\\ / ___'_ __ _ _(_)_ __  __ _ \ \ \ \
( ( )\___ | '_ | '_| | '_ \/ _` | \ \ \ \
 \\/  ___)| |_)| | | | | || (_| |  ) ) ) )
  '  |____| .__|_| |_|_| |_\__, | / / / /
 =========|_|==============|___/=/_/_/_/
 :: Spring Boot ::                (v2.5.3)

2024-06-24 15:26:57.604  INFO 11320 --- [    Test worker] c.d.backend.BackendApplicationTests      : Starting BackendApplicationTests using Java 17.0.10 on DESKTOP-DDI42J8 with PID 11320 (started by ms231 in C:\Users\ms231\3D Objects\0623\backend-crud-master\backend-crud-master)
2024-06-24 15:26:57.607  INFO 11320 --- [    Test worker] c.d.backend.BackendApplicationTests      : No active profile set, falling back to default profiles: default
2024-06-24 15:26:58.622  INFO 11320 --- [    Test worker] .s.d.r.c.RepositoryConfigurationDelegate : Bootstrapping Spring Data JPA repositories in DEFAULT mode.
2024-06-24 15:26:58.722  INFO 11320 --- [    Test worker] .s.d.r.c.RepositoryConfigurationDelegate : Finished Spring Data repository scanning in 85 ms. Found 4 JPA repository interfaces.
2024-06-24 15:26:59.710  INFO 11320 --- [    Test worker] o.hibernate.jpa.internal.util.LogHelper  : HHH000204: Processing PersistenceUnitInfo [name: default]
2024-06-24 15:26:59.824  INFO 11320 --- [    Test worker] org.hibernate.Version                    : HHH000412: Hibernate ORM core version 5.4.32.Final
2024-06-24 15:27:00.061  INFO 11320 --- [    Test worker] o.hibernate.annotations.common.Version   : HCANN000001: Hibernate Commons Annotations {5.1.2.Final}
2024-06-24 15:27:00.237  INFO 11320 --- [    Test worker] com.zaxxer.hikari.HikariDataSource       : HikariPool-1 - Starting...
2024-06-24 15:27:04.338  INFO 11320 --- [    Test worker] com.zaxxer.hikari.HikariDataSource       : HikariPool-1 - Start completed.
2024-06-24 15:27:04.376  INFO 11320 --- [    Test worker] org.hibernate.dialect.Dialect            : HHH000400: Using dialect: org.hibernate.dialect.MySQL8Dialect
2024-06-24 15:27:04.885  WARN 11320 --- [    Test worker] org.hibernate.id.UUIDHexGenerator        : HHH000409: Using org.hibernate.id.UUIDHexGenerator which does not generate IETF RFC 4122 compliant UUID values; consider using org.hibernate.id.UUIDGenerator instead
2024-06-24 15:27:09.045  INFO 11320 --- [    Test worker] o.h.e.t.j.p.i.JtaPlatformInitiator       : HHH000490: Using JtaPlatform implementation: [org.hibernate.engine.transaction.jta.platform.internal.NoJtaPlatform]
2024-06-24 15:27:09.056  INFO 11320 --- [    Test worker] j.LocalContainerEntityManagerFactoryBean : Initialized JPA EntityManagerFactory for persistence unit 'default'
2024-06-24 15:27:09.165  WARN 11320 --- [    Test worker] JpaBaseConfiguration$JpaWebConfiguration : spring.jpa.open-in-view is enabled by default. Therefore, database queries may be performed during view rendering. Explicitly configure spring.jpa.open-in-view to disable this warning
2024-06-24 15:27:10.358  INFO 11320 --- [    Test worker] .s.s.UserDetailsServiceAutoConfiguration : 

Using generated security password: 5d424212-6dbf-477b-ab10-2f202ffdb6db

2024-06-24 15:27:11.924 DEBUG 11320 --- [    Test worker] edFilterInvocationSecurityMetadataSource : Adding web access control expression [permitAll] for Ant [pattern='/']
2024-06-24 15:27:11.925 DEBUG 11320 --- [    Test worker] edFilterInvocationSecurityMetadataSource : Adding web access control expression [permitAll] for Ant [pattern='/auth/**']
2024-06-24 15:27:11.926 DEBUG 11320 --- [    Test worker] edFilterInvocationSecurityMetadataSource : Adding web access control expression [permitAll] for Ant [pattern='/h2-console/**']
2024-06-24 15:27:11.926 DEBUG 11320 --- [    Test worker] edFilterInvocationSecurityMetadataSource : Adding web access control expression [authenticated] for any request
2024-06-24 15:27:11.940 TRACE 11320 --- [    Test worker] o.s.s.w.a.i.FilterSecurityInterceptor    : Validated configuration attributes
2024-06-24 15:27:11.942 TRACE 11320 --- [    Test worker] o.s.s.w.a.i.FilterSecurityInterceptor    : Validated configuration attributes
2024-06-24 15:27:11.954  INFO 11320 --- [    Test worker] o.s.s.web.DefaultSecurityFilterChain     : Will secure any request with [org.springframework.security.web.context.request.async.WebAsyncManagerIntegrationFilter@677d4cea, org.springframework.security.web.context.SecurityContextPersistenceFilter@32ae11c9, org.springframework.security.web.header.HeaderWriterFilter@2041c9a3, org.springframework.web.filter.CorsFilter@55ff64fd, com.devdoc.backend.security.JwtAuthenticationFilter@15ce261, org.springframework.security.web.authentication.logout.LogoutFilter@ecb8b3e, org.springframework.security.web.savedrequest.RequestCacheAwareFilter@6b286640, org.springframework.security.web.servletapi.SecurityContextHolderAwareRequestFilter@6792f2c6, org.springframework.security.web.authentication.AnonymousAuthenticationFilter@20fdaf3e, org.springframework.security.web.session.SessionManagementFilter@23909b3, org.springframework.security.web.access.ExceptionTranslationFilter@400d1c30, org.springframework.security.web.access.intercept.FilterSecurityInterceptor@32675dd4]
2024-06-24 15:27:12.998  INFO 11320 --- [    Test worker] c.d.backend.BackendApplicationTests      : Started BackendApplicationTests in 15.837 seconds (JVM running for 17.293)
]]></system-out>
  <system-err><![CDATA[]]></system-err>
</testsuite>
